<<<<<<< HEAD
Now Loading...
-----------------------------------------------------------------------------------------------------------
eraVoiceroidA 
0.002
average
(2017-)
 
¦‚±‚ê‚Í’²‹³SLGì¬ƒc[ƒ‹erakanon‚Ì‰ü•ÏEÄ”z•z‚Å‚·B
-----------------------------------------------------------------------------------------------------------
[0] Å‰‚©‚ç‚Í‚¶‚ß‚é
[1] ƒ[ƒh‚µ‚Ä‚Í‚¶‚ß‚é
1
‰½”Ô‚ðƒ[ƒh‚µ‚Ü‚·‚©H
[ 0] 2017/05/29 08:31:46 1“ú–Ú’‹ “ïˆÕ“x:N 
[ 1] 2017/05/29 12:46:48 8“ú–Ú’‹ “ïˆÕ“x:N 
[ 2] 2017/05/29 12:47:36 8“ú–Ú’‹ “ïˆÕ“x:N 
[ 3] 2017/05/29 12:50:24 10“ú–Ú’‹ “ïˆÕ“x:N ‚h‚`’²‹³’† ]1—~2‹Z0
[ 4] 2017/05/29 12:58:35 14“ú–Ú–é “ïˆÕ“x:N ‚h‚`’²‹³’† ]2—~3‹Z0
[ 5] 2017/05/29 13:04:02 16“ú–Ú–é “ïˆÕ“x:N ‚h‚`’²‹³’† ]3—~3‹Z0
[ 6] 2017/05/29 08:51:35 9“ú–Ú–é “ïˆÕ“x:N ‚ä‚©‚è’²‹³’† ]3—~3‹Z2
[ 7] 2017/05/29 08:54:31 11“ú–Ú–é “ïˆÕ“x:N ‚ä‚©‚è’²‹³’† ]3—~4‹Z3
[ 8] 2017/05/29 08:59:31 11“ú–Ú–é “ïˆÕ“x:N ‚³‚³‚ç’²‹³’† ]1—~0‹Z0
[ 9] 2017/05/29 13:09:22 17“ú–Ú–é “ïˆÕ“x:N ‚h‚`’²‹³’† ]3—~3‹Z1
[10] 2017/05/29 09:20:12 25“ú–Ú’‹ “ïˆÕ“x:N ‚³‚³‚ç’²‹³’† ]3—~4‹Z2
[11] 2017/05/29 09:24:42 27“ú–Ú–é “ïˆÕ“x:N ‚³‚³‚ç’²‹³’† ˆú— ]3—~4‹Z3
[12] 2017/05/29 09:51:28 30“ú–Ú–é “ïˆÕ“x:N ƒZƒCƒJ’²‹³’† ]0—~0‹Z0
[13] 2017/05/29 10:09:32 39“ú–Ú’‹ “ïˆÕ“x:N ˆ¨’²‹³’† ]3—~3‹Z0
[14] ----
[15] ----
[16] ----
[17] ----
[18] ----
[19] ----
[99] 2017/05/29 13:07:54 17“ú–Ú–é “ïˆÕ“x:N ‚h‚`’²‹³’† ]3—~3‹Z1
[100] –ß‚é
99
-----------------------------------------------------------------------------------------------------------
17“ú–Ú(–é)
(ŠŽ‹à:$55770)@“ïˆÕ“x:NORMAL
“z—ê:‚h‚` -ARIA ON THE PLANETES-
]‡:LV3 —~–]:LV3 ‹ZI:LV1 
‘Ì—Í[***********************.........](1583/2200)
 
Žål:‚ ‚È‚½
-----------------------------------------------------------------------------------------------------------
-----------------------------------------------------------------------------------------------------------
[100] - ’²‹³ŠJŽn
[101] - ”\—Í•\Ž¦
[102] - ‹xŒe
[103] - ƒAƒCƒeƒ€
[110] - “z—ê•ÏX
[111] - “z—êw“ü
[112] - ”„‹pE˜J–ð
[200] - SAVE
[300] - LOAD
[400] - OPTION
112
[0]  - ”„‹p
[100]- –ß‚é
0
-----------------------------------------------------------------------------------------------------------
’N‚ð”„‚è‚Ü‚·‚©H
 
[1] ‚h‚` -ARIA ON THE PLANETES- 
[2] ‚³‚Æ‚¤ ‚³‚³‚ç 
[100] –ß‚é
2
]‡3LV +2500
—~–]3LV +2100
‹ZI1LV +800
‚bŠ´Šo4LV +2300
‚`Š´Šo3LV +1700
‚aŠ´Šo2LV +1200
˜Io•È1LV +800
ƒ}ƒ]‚Á‹C1LV +1000
ŽB‰e‹Z”\1LV +600
‰Ì¥‹Z”\2LV +1000
ˆ— {100“
¶ˆÓ‹C {20“
DŠïS {10“
’å‘€–³“Ú’… |20“
’É‚Ý‚ÉŽã‚¢ |20“
‚`•qŠ´ {30“
‰ÁŽZ”{—¦‡Œv 220“
CeVIO ~300“
‚³‚Æ‚¤ ‚³‚³‚ç‚Í$92400‚Å”„‚ê‚»‚¤‚Å‚·
”„‹p‚µ‚Ü‚·‚©H
[0] ‚Í‚¢
[1] ‚¢‚¢‚¦
0
Œ‹‰ÊA‚³‚Æ‚¤ ‚³‚³‚ç‚Í$92400‚Å”„‚ê‚Ü‚µ‚½
-----------------------------------------------------------------------------------------------------------
17“ú–Ú(–é)
(ŠŽ‹à:$148170)@“ïˆÕ“x:NORMAL
“z—ê:‚h‚` -ARIA ON THE PLANETES-
]‡:LV3 —~–]:LV3 ‹ZI:LV1 
‘Ì—Í[***********************.........](1583/2200)
 
Žål:‚ ‚È‚½
-----------------------------------------------------------------------------------------------------------
-----------------------------------------------------------------------------------------------------------
[100] - ’²‹³ŠJŽn
[101] - ”\—Í•\Ž¦
[102] - ‹xŒe
[103] - ƒAƒCƒeƒ€
[111] - “z—êw“ü
[112] - ”„‹pE˜J–ð
[200] - SAVE
[300] - LOAD
[400] - OPTION
112
[0]  - ”„‹p
[100]- –ß‚é
0
-----------------------------------------------------------------------------------------------------------
’N‚ð”„‚è‚Ü‚·‚©H
 
[1] ‚h‚` -ARIA ON THE PLANETES- 
[100] –ß‚é
1
]‡3LV +2500
—~–]3LV +2100
‹ZI1LV +800
‚bŠ´Šo5LV +3000
‚`Š´Šo1LV +800
‚aŠ´Šo3LV +1700
˜Io•È1LV +800
‰Ì¥‹Z”\5LV +2800
ˆ— {100“
‰°•a |20“
ˆêü‰z‚¦‚È‚¢ {30“
’É‚Ý‚É‹­‚¢ {20“
–ò“Å‘Ï« |20“
‰˜L•qŠ´ {20“
‰õŠ´‚Ì”Û’è {30“
’jŒ™‚¢ |10“
“ä‚Ì–£—Í {100“
‚a“ÝŠ´ |30“
•n“û |20“
l‹C {50“
‰ÁŽZ”{—¦‡Œv 350“
CeVIO ~300“
‚h‚` -ARIA ON THE PLANETES-‚Í$152250‚Å”„‚ê‚»‚¤‚Å‚·
”„‹p‚µ‚Ü‚·‚©H
[0] ‚Í‚¢
[1] ‚¢‚¢‚¦
0
Œ‹‰ÊA‚h‚` -ARIA ON THE PLANETES-‚Í$152250‚Å”„‚ê‚Ü‚µ‚½
-----------------------------------------------------------------------------------------------------------
17“ú–Ú(–é)
(ŠŽ‹à:$300420)@“ïˆÕ“x:NORMAL
Žål:‚ ‚È‚½
-----------------------------------------------------------------------------------------------------------
-----------------------------------------------------------------------------------------------------------
[101] - ”\—Í•\Ž¦
[102] - ‹xŒe
[103] - ƒAƒCƒeƒ€
[111] - “z—êw“ü
[200] - SAVE
[300] - LOAD
[400] - OPTION
300
‰½”Ô‚ðƒ[ƒh‚µ‚Ü‚·‚©H
[ 0] 2017/05/29 08:31:46 1“ú–Ú’‹ “ïˆÕ“x:N 
[ 1] 2017/05/29 12:46:48 8“ú–Ú’‹ “ïˆÕ“x:N 
[ 2] 2017/05/29 12:47:36 8“ú–Ú’‹ “ïˆÕ“x:N 
[ 3] 2017/05/29 12:50:24 10“ú–Ú’‹ “ïˆÕ“x:N ‚h‚`’²‹³’† ]1—~2‹Z0
[ 4] 2017/05/29 12:58:35 14“ú–Ú–é “ïˆÕ“x:N ‚h‚`’²‹³’† ]2—~3‹Z0
[ 5] 2017/05/29 13:04:02 16“ú–Ú–é “ïˆÕ“x:N ‚h‚`’²‹³’† ]3—~3‹Z0
[ 6] 2017/05/29 08:51:35 9“ú–Ú–é “ïˆÕ“x:N ‚ä‚©‚è’²‹³’† ]3—~3‹Z2
[ 7] 2017/05/29 08:54:31 11“ú–Ú–é “ïˆÕ“x:N ‚ä‚©‚è’²‹³’† ]3—~4‹Z3
[ 8] 2017/05/29 08:59:31 11“ú–Ú–é “ïˆÕ“x:N ‚³‚³‚ç’²‹³’† ]1—~0‹Z0
[ 9] 2017/05/29 13:09:22 17“ú–Ú–é “ïˆÕ“x:N ‚h‚`’²‹³’† ]3—~3‹Z1
[10] 2017/05/29 09:20:12 25“ú–Ú’‹ “ïˆÕ“x:N ‚³‚³‚ç’²‹³’† ]3—~4‹Z2
[11] 2017/05/29 09:24:42 27“ú–Ú–é “ïˆÕ“x:N ‚³‚³‚ç’²‹³’† ˆú— ]3—~4‹Z3
[12] 2017/05/29 09:51:28 30“ú–Ú–é “ïˆÕ“x:N ƒZƒCƒJ’²‹³’† ]0—~0‹Z0
[13] 2017/05/29 10:09:32 39“ú–Ú’‹ “ïˆÕ“x:N ˆ¨’²‹³’† ]3—~3‹Z0
[14] ----
[15] ----
[16] ----
[17] ----
[18] ----
[19] ----
[99] 2017/05/29 13:07:54 17“ú–Ú–é “ïˆÕ“x:N ‚h‚`’²‹³’† ]3—~3‹Z1
[100] –ß‚é
99
-----------------------------------------------------------------------------------------------------------
17“ú–Ú(–é)
(ŠŽ‹à:$55770)@“ïˆÕ“x:NORMAL
“z—ê:‚h‚` -ARIA ON THE PLANETES-
]‡:LV3 —~–]:LV3 ‹ZI:LV1 
‘Ì—Í[***********************.........](1583/2200)
 
Žål:‚ ‚È‚½
-----------------------------------------------------------------------------------------------------------
-----------------------------------------------------------------------------------------------------------
[100] - ’²‹³ŠJŽn
[101] - ”\—Í•\Ž¦
[102] - ‹xŒe
[103] - ƒAƒCƒeƒ€
[110] - “z—ê•ÏX
[111] - “z—êw“ü
[112] - ”„‹pE˜J–ð
[200] - SAVE
[300] - LOAD
[400] - OPTION
112
[0]  - ”„‹p
[100]- –ß‚é
0
-----------------------------------------------------------------------------------------------------------
’N‚ð”„‚è‚Ü‚·‚©H
 
[1] ‚h‚` -ARIA ON THE PLANETES- 
[2] ‚³‚Æ‚¤ ‚³‚³‚ç 
[100] –ß‚é
1
]‡3LV +2500
—~–]3LV +2100
‹ZI1LV +800
‚bŠ´Šo5LV +3000
‚`Š´Šo1LV +800
‚aŠ´Šo3LV +1700
˜Io•È1LV +800
‰Ì¥‹Z”\5LV +2800
ˆ— {100“
‰°•a |20“
ˆêü‰z‚¦‚È‚¢ {30“
’É‚Ý‚É‹­‚¢ {20“
–ò“Å‘Ï« |20“
‰˜L•qŠ´ {20“
‰õŠ´‚Ì”Û’è {30“
’jŒ™‚¢ |10“
“ä‚Ì–£—Í {100“
‚a“ÝŠ´ |30“
•n“û |20“
l‹C {50“
‰ÁŽZ”{—¦‡Œv 350“
CeVIO ~300“
‚h‚` -ARIA ON THE PLANETES-‚Í$152250‚Å”„‚ê‚»‚¤‚Å‚·
”„‹p‚µ‚Ü‚·‚©H
[0] ‚Í‚¢
[1] ‚¢‚¢‚¦
0
Œ‹‰ÊA‚h‚` -ARIA ON THE PLANETES-‚Í$152250‚Å”„‚ê‚Ü‚µ‚½
-----------------------------------------------------------------------------------------------------------
17“ú–Ú(–é)
(ŠŽ‹à:$208020)@“ïˆÕ“x:NORMAL
Žål:‚ ‚È‚½
-----------------------------------------------------------------------------------------------------------
-----------------------------------------------------------------------------------------------------------
[101] - ”\—Í•\Ž¦
[102] - ‹xŒe
[103] - ƒAƒCƒeƒ€
[110] - “z—ê•ÏX
[111] - “z—êw“ü
[112] - ”„‹pE˜J–ð
[200] - SAVE
[300] - LOAD
[400] - OPTION
112
[0]  - ”„‹p
[100]- –ß‚é
0
-----------------------------------------------------------------------------------------------------------
’N‚ð”„‚è‚Ü‚·‚©H
 
[1] ‚³‚Æ‚¤ ‚³‚³‚ç 
[100] –ß‚é
1
]‡3LV +2500
—~–]3LV +2100
‹ZI1LV +800
‚bŠ´Šo4LV +2300
‚`Š´Šo3LV +1700
‚aŠ´Šo2LV +1200
˜Io•È1LV +800
ƒ}ƒ]‚Á‹C1LV +1000
ŽB‰e‹Z”\1LV +600
‰Ì¥‹Z”\2LV +1000
ˆ— {100“
¶ˆÓ‹C {20“
DŠïS {10“
’å‘€–³“Ú’… |20“
’É‚Ý‚ÉŽã‚¢ |20“
‚`•qŠ´ {30“
‰ÁŽZ”{—¦‡Œv 220“
CeVIO ~300“
‚³‚Æ‚¤ ‚³‚³‚ç‚Í$92400‚Å”„‚ê‚»‚¤‚Å‚·
”„‹p‚µ‚Ü‚·‚©H
[0] ‚Í‚¢
[1] ‚¢‚¢‚¦
0
Œ‹‰ÊA‚³‚Æ‚¤ ‚³‚³‚ç‚Í$92400‚Å”„‚ê‚Ü‚µ‚½
-----------------------------------------------------------------------------------------------------------
17“ú–Ú(–é)
(ŠŽ‹à:$300420)@“ïˆÕ“x:NORMAL
SHOP.ERB‚Ì27s–Ú‚ÅƒGƒ‰[‚ª”­¶‚µ‚Ü‚µ‚½
 
	PRINTFORML “z—ê:%NAME:TARGET%
ƒLƒƒƒ‰ƒNƒ^”z—ñ•Ï”NAME‚Ì‘æ‚Pˆø”(1)‚ÍƒLƒƒƒ‰“o˜^”Ô†‚Ì”ÍˆÍŠO‚Å‚·
=======
Now Loading...
-----------------------------------------------------------------------------------------------------------
eraVoiceroidA 
0.002
average
(2017-)
 
¦‚±‚ê‚Í’²‹³SLGì¬ƒc[ƒ‹erakanon‚Ì‰ü•ÏEÄ”z•z‚Å‚·B
-----------------------------------------------------------------------------------------------------------
[0] Å‰‚©‚ç‚Í‚¶‚ß‚é
[1] ƒ[ƒh‚µ‚Ä‚Í‚¶‚ß‚é
1
‰½”Ô‚ðƒ[ƒh‚µ‚Ü‚·‚©H
[ 0] 2017/05/29 08:31:46 1“ú–Ú’‹ “ïˆÕ“x:N 
[ 1] 2017/05/29 12:46:48 8“ú–Ú’‹ “ïˆÕ“x:N 
[ 2] 2017/05/29 12:47:36 8“ú–Ú’‹ “ïˆÕ“x:N 
[ 3] 2017/05/29 12:50:24 10“ú–Ú’‹ “ïˆÕ“x:N ‚h‚`’²‹³’† ]1—~2‹Z0
[ 4] 2017/05/29 12:58:35 14“ú–Ú–é “ïˆÕ“x:N ‚h‚`’²‹³’† ]2—~3‹Z0
[ 5] 2017/05/29 13:04:02 16“ú–Ú–é “ïˆÕ“x:N ‚h‚`’²‹³’† ]3—~3‹Z0
[ 6] 2017/05/29 08:51:35 9“ú–Ú–é “ïˆÕ“x:N ‚ä‚©‚è’²‹³’† ]3—~3‹Z2
[ 7] 2017/05/29 08:54:31 11“ú–Ú–é “ïˆÕ“x:N ‚ä‚©‚è’²‹³’† ]3—~4‹Z3
[ 8] 2017/05/29 08:59:31 11“ú–Ú–é “ïˆÕ“x:N ‚³‚³‚ç’²‹³’† ]1—~0‹Z0
[ 9] 2017/05/29 13:09:22 17“ú–Ú–é “ïˆÕ“x:N ‚h‚`’²‹³’† ]3—~3‹Z1
[10] 2017/05/29 09:20:12 25“ú–Ú’‹ “ïˆÕ“x:N ‚³‚³‚ç’²‹³’† ]3—~4‹Z2
[11] 2017/05/29 09:24:42 27“ú–Ú–é “ïˆÕ“x:N ‚³‚³‚ç’²‹³’† ˆú— ]3—~4‹Z3
[12] 2017/05/29 09:51:28 30“ú–Ú–é “ïˆÕ“x:N ƒZƒCƒJ’²‹³’† ]0—~0‹Z0
[13] 2017/05/29 10:09:32 39“ú–Ú’‹ “ïˆÕ“x:N ˆ¨’²‹³’† ]3—~3‹Z0
[14] ----
[15] ----
[16] ----
[17] ----
[18] ----
[19] ----
[99] 2017/05/29 13:07:54 17“ú–Ú–é “ïˆÕ“x:N ‚h‚`’²‹³’† ]3—~3‹Z1
[100] –ß‚é
99
-----------------------------------------------------------------------------------------------------------
17“ú–Ú(–é)
(ŠŽ‹à:$55770)@“ïˆÕ“x:NORMAL
“z—ê:‚h‚` -ARIA ON THE PLANETES-
]‡:LV3 —~–]:LV3 ‹ZI:LV1 
‘Ì—Í[***********************.........](1583/2200)
 
Žål:‚ ‚È‚½
-----------------------------------------------------------------------------------------------------------
-----------------------------------------------------------------------------------------------------------
[100] - ’²‹³ŠJŽn
[101] - ”\—Í•\Ž¦
[102] - ‹xŒe
[103] - ƒAƒCƒeƒ€
[110] - “z—ê•ÏX
[111] - “z—êw“ü
[112] - ”„‹pE˜J–ð
[200] - SAVE
[300] - LOAD
[400] - OPTION
112
[0]  - ”„‹p
[100]- –ß‚é
0
-----------------------------------------------------------------------------------------------------------
’N‚ð”„‚è‚Ü‚·‚©H
 
[1] ‚h‚` -ARIA ON THE PLANETES- 
[2] ‚³‚Æ‚¤ ‚³‚³‚ç 
[100] –ß‚é
2
]‡3LV +2500
—~–]3LV +2100
‹ZI1LV +800
‚bŠ´Šo4LV +2300
‚`Š´Šo3LV +1700
‚aŠ´Šo2LV +1200
˜Io•È1LV +800
ƒ}ƒ]‚Á‹C1LV +1000
ŽB‰e‹Z”\1LV +600
‰Ì¥‹Z”\2LV +1000
ˆ— {100“
¶ˆÓ‹C {20“
DŠïS {10“
’å‘€–³“Ú’… |20“
’É‚Ý‚ÉŽã‚¢ |20“
‚`•qŠ´ {30“
‰ÁŽZ”{—¦‡Œv 220“
CeVIO ~300“
‚³‚Æ‚¤ ‚³‚³‚ç‚Í$92400‚Å”„‚ê‚»‚¤‚Å‚·
”„‹p‚µ‚Ü‚·‚©H
[0] ‚Í‚¢
[1] ‚¢‚¢‚¦
0
Œ‹‰ÊA‚³‚Æ‚¤ ‚³‚³‚ç‚Í$92400‚Å”„‚ê‚Ü‚µ‚½
-----------------------------------------------------------------------------------------------------------
17“ú–Ú(–é)
(ŠŽ‹à:$148170)@“ïˆÕ“x:NORMAL
“z—ê:‚h‚` -ARIA ON THE PLANETES-
]‡:LV3 —~–]:LV3 ‹ZI:LV1 
‘Ì—Í[***********************.........](1583/2200)
 
Žål:‚ ‚È‚½
-----------------------------------------------------------------------------------------------------------
-----------------------------------------------------------------------------------------------------------
[100] - ’²‹³ŠJŽn
[101] - ”\—Í•\Ž¦
[102] - ‹xŒe
[103] - ƒAƒCƒeƒ€
[111] - “z—êw“ü
[112] - ”„‹pE˜J–ð
[200] - SAVE
[300] - LOAD
[400] - OPTION
112
[0]  - ”„‹p
[100]- –ß‚é
0
-----------------------------------------------------------------------------------------------------------
’N‚ð”„‚è‚Ü‚·‚©H
 
[1] ‚h‚` -ARIA ON THE PLANETES- 
[100] –ß‚é
1
]‡3LV +2500
—~–]3LV +2100
‹ZI1LV +800
‚bŠ´Šo5LV +3000
‚`Š´Šo1LV +800
‚aŠ´Šo3LV +1700
˜Io•È1LV +800
‰Ì¥‹Z”\5LV +2800
ˆ— {100“
‰°•a |20“
ˆêü‰z‚¦‚È‚¢ {30“
’É‚Ý‚É‹­‚¢ {20“
–ò“Å‘Ï« |20“
‰˜L•qŠ´ {20“
‰õŠ´‚Ì”Û’è {30“
’jŒ™‚¢ |10“
“ä‚Ì–£—Í {100“
‚a“ÝŠ´ |30“
•n“û |20“
l‹C {50“
‰ÁŽZ”{—¦‡Œv 350“
CeVIO ~300“
‚h‚` -ARIA ON THE PLANETES-‚Í$152250‚Å”„‚ê‚»‚¤‚Å‚·
”„‹p‚µ‚Ü‚·‚©H
[0] ‚Í‚¢
[1] ‚¢‚¢‚¦
0
Œ‹‰ÊA‚h‚` -ARIA ON THE PLANETES-‚Í$152250‚Å”„‚ê‚Ü‚µ‚½
-----------------------------------------------------------------------------------------------------------
17“ú–Ú(–é)
(ŠŽ‹à:$300420)@“ïˆÕ“x:NORMAL
Žål:‚ ‚È‚½
-----------------------------------------------------------------------------------------------------------
-----------------------------------------------------------------------------------------------------------
[101] - ”\—Í•\Ž¦
[102] - ‹xŒe
[103] - ƒAƒCƒeƒ€
[111] - “z—êw“ü
[200] - SAVE
[300] - LOAD
[400] - OPTION
300
‰½”Ô‚ðƒ[ƒh‚µ‚Ü‚·‚©H
[ 0] 2017/05/29 08:31:46 1“ú–Ú’‹ “ïˆÕ“x:N 
[ 1] 2017/05/29 12:46:48 8“ú–Ú’‹ “ïˆÕ“x:N 
[ 2] 2017/05/29 12:47:36 8“ú–Ú’‹ “ïˆÕ“x:N 
[ 3] 2017/05/29 12:50:24 10“ú–Ú’‹ “ïˆÕ“x:N ‚h‚`’²‹³’† ]1—~2‹Z0
[ 4] 2017/05/29 12:58:35 14“ú–Ú–é “ïˆÕ“x:N ‚h‚`’²‹³’† ]2—~3‹Z0
[ 5] 2017/05/29 13:04:02 16“ú–Ú–é “ïˆÕ“x:N ‚h‚`’²‹³’† ]3—~3‹Z0
[ 6] 2017/05/29 08:51:35 9“ú–Ú–é “ïˆÕ“x:N ‚ä‚©‚è’²‹³’† ]3—~3‹Z2
[ 7] 2017/05/29 08:54:31 11“ú–Ú–é “ïˆÕ“x:N ‚ä‚©‚è’²‹³’† ]3—~4‹Z3
[ 8] 2017/05/29 08:59:31 11“ú–Ú–é “ïˆÕ“x:N ‚³‚³‚ç’²‹³’† ]1—~0‹Z0
[ 9] 2017/05/29 13:09:22 17“ú–Ú–é “ïˆÕ“x:N ‚h‚`’²‹³’† ]3—~3‹Z1
[10] 2017/05/29 09:20:12 25“ú–Ú’‹ “ïˆÕ“x:N ‚³‚³‚ç’²‹³’† ]3—~4‹Z2
[11] 2017/05/29 09:24:42 27“ú–Ú–é “ïˆÕ“x:N ‚³‚³‚ç’²‹³’† ˆú— ]3—~4‹Z3
[12] 2017/05/29 09:51:28 30“ú–Ú–é “ïˆÕ“x:N ƒZƒCƒJ’²‹³’† ]0—~0‹Z0
[13] 2017/05/29 10:09:32 39“ú–Ú’‹ “ïˆÕ“x:N ˆ¨’²‹³’† ]3—~3‹Z0
[14] ----
[15] ----
[16] ----
[17] ----
[18] ----
[19] ----
[99] 2017/05/29 13:07:54 17“ú–Ú–é “ïˆÕ“x:N ‚h‚`’²‹³’† ]3—~3‹Z1
[100] –ß‚é
99
-----------------------------------------------------------------------------------------------------------
17“ú–Ú(–é)
(ŠŽ‹à:$55770)@“ïˆÕ“x:NORMAL
“z—ê:‚h‚` -ARIA ON THE PLANETES-
]‡:LV3 —~–]:LV3 ‹ZI:LV1 
‘Ì—Í[***********************.........](1583/2200)
 
Žål:‚ ‚È‚½
-----------------------------------------------------------------------------------------------------------
-----------------------------------------------------------------------------------------------------------
[100] - ’²‹³ŠJŽn
[101] - ”\—Í•\Ž¦
[102] - ‹xŒe
[103] - ƒAƒCƒeƒ€
[110] - “z—ê•ÏX
[111] - “z—êw“ü
[112] - ”„‹pE˜J–ð
[200] - SAVE
[300] - LOAD
[400] - OPTION
112
[0]  - ”„‹p
[100]- –ß‚é
0
-----------------------------------------------------------------------------------------------------------
’N‚ð”„‚è‚Ü‚·‚©H
 
[1] ‚h‚` -ARIA ON THE PLANETES- 
[2] ‚³‚Æ‚¤ ‚³‚³‚ç 
[100] –ß‚é
1
]‡3LV +2500
—~–]3LV +2100
‹ZI1LV +800
‚bŠ´Šo5LV +3000
‚`Š´Šo1LV +800
‚aŠ´Šo3LV +1700
˜Io•È1LV +800
‰Ì¥‹Z”\5LV +2800
ˆ— {100“
‰°•a |20“
ˆêü‰z‚¦‚È‚¢ {30“
’É‚Ý‚É‹­‚¢ {20“
–ò“Å‘Ï« |20“
‰˜L•qŠ´ {20“
‰õŠ´‚Ì”Û’è {30“
’jŒ™‚¢ |10“
“ä‚Ì–£—Í {100“
‚a“ÝŠ´ |30“
•n“û |20“
l‹C {50“
‰ÁŽZ”{—¦‡Œv 350“
CeVIO ~300“
‚h‚` -ARIA ON THE PLANETES-‚Í$152250‚Å”„‚ê‚»‚¤‚Å‚·
”„‹p‚µ‚Ü‚·‚©H
[0] ‚Í‚¢
[1] ‚¢‚¢‚¦
0
Œ‹‰ÊA‚h‚` -ARIA ON THE PLANETES-‚Í$152250‚Å”„‚ê‚Ü‚µ‚½
-----------------------------------------------------------------------------------------------------------
17“ú–Ú(–é)
(ŠŽ‹à:$208020)@“ïˆÕ“x:NORMAL
Žål:‚ ‚È‚½
-----------------------------------------------------------------------------------------------------------
-----------------------------------------------------------------------------------------------------------
[101] - ”\—Í•\Ž¦
[102] - ‹xŒe
[103] - ƒAƒCƒeƒ€
[110] - “z—ê•ÏX
[111] - “z—êw“ü
[112] - ”„‹pE˜J–ð
[200] - SAVE
[300] - LOAD
[400] - OPTION
112
[0]  - ”„‹p
[100]- –ß‚é
0
-----------------------------------------------------------------------------------------------------------
’N‚ð”„‚è‚Ü‚·‚©H
 
[1] ‚³‚Æ‚¤ ‚³‚³‚ç 
[100] –ß‚é
1
]‡3LV +2500
—~–]3LV +2100
‹ZI1LV +800
‚bŠ´Šo4LV +2300
‚`Š´Šo3LV +1700
‚aŠ´Šo2LV +1200
˜Io•È1LV +800
ƒ}ƒ]‚Á‹C1LV +1000
ŽB‰e‹Z”\1LV +600
‰Ì¥‹Z”\2LV +1000
ˆ— {100“
¶ˆÓ‹C {20“
DŠïS {10“
’å‘€–³“Ú’… |20“
’É‚Ý‚ÉŽã‚¢ |20“
‚`•qŠ´ {30“
‰ÁŽZ”{—¦‡Œv 220“
CeVIO ~300“
‚³‚Æ‚¤ ‚³‚³‚ç‚Í$92400‚Å”„‚ê‚»‚¤‚Å‚·
”„‹p‚µ‚Ü‚·‚©H
[0] ‚Í‚¢
[1] ‚¢‚¢‚¦
0
Œ‹‰ÊA‚³‚Æ‚¤ ‚³‚³‚ç‚Í$92400‚Å”„‚ê‚Ü‚µ‚½
-----------------------------------------------------------------------------------------------------------
17“ú–Ú(–é)
(ŠŽ‹à:$300420)@“ïˆÕ“x:NORMAL
SHOP.ERB‚Ì27s–Ú‚ÅƒGƒ‰[‚ª”­¶‚µ‚Ü‚µ‚½
 
	PRINTFORML “z—ê:%NAME:TARGET%
ƒLƒƒƒ‰ƒNƒ^”z—ñ•Ï”NAME‚Ì‘æ‚Pˆø”(1)‚ÍƒLƒƒƒ‰“o˜^”Ô†‚Ì”ÍˆÍŠO‚Å‚·
>>>>>>> origin/master
